<?xml version="1.0" encoding="UTF-8"?>
<!DOCTYPE html PUBLIC "-//W3C//DTD XHTML 1.0 Strict//EN" "http://www.w3.org/TR/xhtml1/DTD/xhtml1-strict.dtd">
<html xmlns="http://www.w3.org/1999/xhtml">
<head>
    <title>ECShop自动化测试</title>
    <meta content="HTMLTestRunner 0.8.2" name="generator"/>
    <meta content="text/html; charset=UTF-8" http-equiv="Content-Type"/>

    <style media="screen" type="text/css">
        body {
            font-family: verdana, arial, helvetica, sans-serif;
            font-size: 80%;
        }

        table {
            font-size: 100%;
        }

        pre {
        }

        /* -- heading ---------------------------------------------------------------------- */
        h1 {
            font-size: 16pt;
            color: gray;
        }

        .heading {
            margin-top: 0ex;
            margin-bottom: 1ex;
        }

        .heading .attribute {
            margin-top: 1ex;
            margin-bottom: 0;
        }

        .heading .description {
            margin-top: 4ex;
            margin-bottom: 6ex;
        }

        /* -- css div popup ------------------------------------------------------------------------ */
        a.popup_link {
        }

        a.popup_link:hover {
            color: red;
        }

        .popup_window {
            display: none;
            position: relative;
            left: 0px;
            top: 0px;
            /*border: solid #627173 1px; */
            padding: 10px;
            background-color: #E6E6D6;
            font-family: "Lucida Console", "Courier New", Courier, monospace;
            text-align: left;
            font-size: 8pt;
            width: 500px;
        }

        }
        /* -- report ------------------------------------------------------------------------ */
        #show_detail_line {
            margin-top: 3ex;
            margin-bottom: 1ex;
        }

        #result_table {
            width: 80%;
            border-collapse: collapse;
            border: 1px solid #777;
        }

        #header_row {
            font-weight: bold;
            color: white;
            background-color: #777;
        }

        #result_table td {
            border: 1px solid #777;
            padding: 2px;
        }

        #total_row {
            font-weight: bold;
        }

        .passClass {
            background-color: #6c6;
        }

        .failClass {
            background-color: #c60;
        }

        .errorClass {
            background-color: #c00;
        }

        .passCase {
            color: #6c6;
        }

        .failCase {
            color: #c60;
            font-weight: bold;
        }

        .errorCase {
            color: #c00;
            font-weight: bold;
        }

        .hiddenRow {
            display: none;
        }

        .testcase {
            margin-left: 2em;
        }


        /* -- ending ---------------------------------------------------------------------- */
        #ending {
        }

    </style>

</head>
<body>
<script language="javascript" type="text/javascript"><!--
output_list = Array();

/* level - 0:Summary; 1:Failed; 2:All */
function showCase(level) {
    trs = document.getElementsByTagName("tr");
    for (var i = 0; i < trs.length; i++) {
        tr = trs[i];
        id = tr.id;
        if (id.substr(0, 2) == 'ft') {
            if (level < 1) {
                tr.className = 'hiddenRow';
            } else {
                tr.className = '';
            }
        }
        if (id.substr(0, 2) == 'pt') {
            if (level > 1) {
                tr.className = '';
            } else {
                tr.className = 'hiddenRow';
            }
        }
    }
}


function showClassDetail(cid, count) {
    var id_list = Array(count);
    var toHide = 1;
    for (var i = 0; i < count; i++) {
        tid0 = 't' + cid.substr(1) + '.' + (i + 1);
        tid = 'f' + tid0;
        tr = document.getElementById(tid);
        if (!tr) {
            tid = 'p' + tid0;
            tr = document.getElementById(tid);
        }
        id_list[i] = tid;
        if (tr.className) {
            toHide = 0;
        }
    }
    for (var i = 0; i < count; i++) {
        tid = id_list[i];
        if (toHide) {
            document.getElementById('div_' + tid).style.display = 'none';
            document.getElementById(tid).className = 'hiddenRow';
        } else {
            document.getElementById(tid).className = '';
        }
    }
}


function showTestDetail(div_id) {
    var details_div = document.getElementById(div_id);
    var displayState = details_div.style.display;
    // alert(displayState)
    if (displayState != 'block') {
        displayState = 'block';
        details_div.style.display = 'block'
    } else {
        details_div.style.display = 'none'
    }
}


function html_escape(s) {
    s = s.replace(/&/g, '&amp;');
    s = s.replace(/</g, '&lt;');
    s = s.replace(/>/g, '&gt;');
    return s;
}

/* obsoleted by detail in <div>
function showOutput(id, name) {
    var w = window.open("", //url
                    name,
                    "resizable,scrollbars,status,width=800,height=450");
    d = w.document;
    d.write("<pre>");
    d.write(html_escape(output_list[id]));
    d.write("\n");
    d.write("<a href='javascript:window.close()'>close</a>\n");
    d.write("</pre>\n");
    d.close();
}
*/
--></script>

<div class='heading'>
    <h1>ECShop自动化测试</h1>
    <p class='attribute'><strong>Start Time:</strong> 2020-08-11 00:24:26</p>
    <p class='attribute'><strong>Duration:</strong> 0:02:21.386264</p>
    <p class='attribute'><strong>Status:</strong> Error 4</p>

    <p class='description'>自动化测试报告详情</p>
</div>


<p id='show_detail_line'>Show
    <a href='javascript:showCase(0)'>Summary</a>
    <a href='javascript:showCase(1)'>Failed</a>
    <a href='javascript:showCase(2)'>All</a>
</p>
<table id='result_table'>
    <colgroup>
        <col align='left'/>
        <col align='right'/>
        <col align='right'/>
        <col align='right'/>
        <col align='right'/>
        <col align='right'/>
    </colgroup>
    <tr id='header_row'>
        <td>Test Group/Test case</td>
        <td>Count</td>
        <td>Pass</td>
        <td>Fail</td>
        <td>Error</td>
        <td>View</td>
    </tr>

    <tr class='errorClass'>
        <td>test_flow_modify.ModifyFlowTestCase</td>
        <td>1</td>
        <td>0</td>
        <td>0</td>
        <td>1</td>
        <td><a href="javascript:showClassDetail('c1',1)">Detail</a></td>
    </tr>

    <tr class='none' id='ft1.1'>
        <td class='errorCase'>
            <div class='testcase'>test_modify_flow</div>
        </td>
        <td align='center' colspan='5'>

            <!--css div popup start-->
            <a class="popup_link" href="javascript:showTestDetail('div_ft1.1')" onfocus='this.blur();'>
                error</a>

            <div class="popup_window" id='div_ft1.1'>
                <div style='text-align: right; color:red;cursor:pointer'>
                    <a onclick="document.getElementById('div_ft1.1').style.display = 'none' " onfocus='this.blur();'>
                        [x]</a>
                </div>
                <pre>
        
ft1.1: Traceback (most recent call last):
  File "D:\workspace\webUIAuto\test_case\test_flow_modify.py", line 23, in test_modify_flow
    assert_login = login.login("tom", '123456')
  File "D:\workspace\webUIAuto\page\login_page.py", line 40, in login
    self.ele_username(username)
  File "D:\workspace\webUIAuto\page\login_page.py", line 27, in ele_username
    self.find_element(self.locator_username).send_keys(username)
  File "D:\workspace\webUIAuto\page\base_page.py", line 26, in find_element
    return self.driver.find_element(*locator)
  File "C:\Python\Python37\lib\site-packages\selenium\webdriver\remote\webdriver.py", line 978, in find_element
    'value': value})['value']
  File "C:\Python\Python37\lib\site-packages\selenium\webdriver\remote\webdriver.py", line 321, in execute
    self.error_handler.check_response(response)
  File "C:\Python\Python37\lib\site-packages\selenium\webdriver\remote\errorhandler.py", line 242, in check_response
    raise exception_class(message, screen, stacktrace)
selenium.common.exceptions.NoSuchElementException: Message: no such element: Unable to locate element: {"method":"name","selector":"username"}
  (Session info: chrome=84.0.4147.105)
  (Driver info: chromedriver=2.44.609538 (b655c5a60b0b544917107a59d4153d4bf78e1b90),platform=Windows NT 10.0.18362 x86_64)

Traceback (most recent call last):
  File "D:\workspace\webUIAuto\test_case\test_flow_modify.py", line 23, in test_modify_flow
    assert_login = login.login("tom", '123456')
  File "D:\workspace\webUIAuto\page\login_page.py", line 40, in login
    self.ele_username(username)
  File "D:\workspace\webUIAuto\page\login_page.py", line 27, in ele_username
    self.find_element(self.locator_username).send_keys(username)
  File "D:\workspace\webUIAuto\page\base_page.py", line 26, in find_element
    return self.driver.find_element(*locator)
  File "C:\Python\Python37\lib\site-packages\selenium\webdriver\remote\webdriver.py", line 978, in find_element
    'value': value})['value']
  File "C:\Python\Python37\lib\site-packages\selenium\webdriver\remote\webdriver.py", line 321, in execute
    self.error_handler.check_response(response)
  File "C:\Python\Python37\lib\site-packages\selenium\webdriver\remote\errorhandler.py", line 242, in check_response
    raise exception_class(message, screen, stacktrace)
selenium.common.exceptions.NoSuchElementException: Message: no such element: Unable to locate element: {"method":"name","selector":"username"}
  (Session info: chrome=84.0.4147.105)
  (Driver info: chromedriver=2.44.609538 (b655c5a60b0b544917107a59d4153d4bf78e1b90),platform=Windows NT 10.0.18362 x86_64)



        </pre>
            </div>
            <!--css div popup end-->

        </td>
    </tr>

    <tr class='errorClass'>
        <td>test_login.LoginTestCase</td>
        <td>1</td>
        <td>0</td>
        <td>0</td>
        <td>1</td>
        <td><a href="javascript:showClassDetail('c2',1)">Detail</a></td>
    </tr>

    <tr class='none' id='ft2.1'>
        <td class='errorCase'>
            <div class='testcase'>test_login_a_1___tom____23456__: Built-in immutable sequence.</div>
        </td>
        <td align='center' colspan='5'>

            <!--css div popup start-->
            <a class="popup_link" href="javascript:showTestDetail('div_ft2.1')" onfocus='this.blur();'>
                error</a>

            <div class="popup_window" id='div_ft2.1'>
                <div style='text-align: right; color:red;cursor:pointer'>
                    <a onclick="document.getElementById('div_ft2.1').style.display = 'none' " onfocus='this.blur();'>
                        [x]</a>
                </div>
                <pre>
        
ft2.1: Traceback (most recent call last):
  File "C:\Python\Python37\lib\site-packages\ddt.py", line 145, in wrapper
    return func(self, *args, **kwargs)
TypeError: test_login_a() missing 1 required positional argument: 'passwd'
Traceback (most recent call last):
  File "C:\Python\Python37\lib\site-packages\ddt.py", line 145, in wrapper
    return func(self, *args, **kwargs)
TypeError: test_login_a() missing 1 required positional argument: 'passwd'


        </pre>
            </div>
            <!--css div popup end-->

        </td>
    </tr>

    <tr class='errorClass'>
        <td>test_register.RegisterTestCase</td>
        <td>1</td>
        <td>0</td>
        <td>0</td>
        <td>1</td>
        <td><a href="javascript:showClassDetail('c3',1)">Detail</a></td>
    </tr>

    <tr class='none' id='ft3.1'>
        <td class='errorCase'>
            <div class='testcase'>test_register</div>
        </td>
        <td align='center' colspan='5'>

            <!--css div popup start-->
            <a class="popup_link" href="javascript:showTestDetail('div_ft3.1')" onfocus='this.blur();'>
                error</a>

            <div class="popup_window" id='div_ft3.1'>
                <div style='text-align: right; color:red;cursor:pointer'>
                    <a onclick="document.getElementById('div_ft3.1').style.display = 'none' " onfocus='this.blur();'>
                        [x]</a>
                </div>
                <pre>
        
ft3.1: Traceback (most recent call last):
  File "D:\workspace\webUIAuto\test_case\test_register.py", line 26, in test_register
    actual = rp.register(username, email, passwd, confirm_passwd, "13111223344")
  File "D:\workspace\webUIAuto\page\register_page.py", line 53, in register
    result = self.assert_result(self.locator_assert)
  File "D:\workspace\webUIAuto\page\base_page.py", line 19, in assert_result
    actual_result = self.driver.find_element(*locator_assert).text
  File "C:\Python\Python37\lib\site-packages\selenium\webdriver\remote\webdriver.py", line 978, in find_element
    'value': value})['value']
  File "C:\Python\Python37\lib\site-packages\selenium\webdriver\remote\webdriver.py", line 321, in execute
    self.error_handler.check_response(response)
  File "C:\Python\Python37\lib\site-packages\selenium\webdriver\remote\errorhandler.py", line 242, in check_response
    raise exception_class(message, screen, stacktrace)
selenium.common.exceptions.NoSuchElementException: Message: no such element: Unable to locate element: {"method":"xpath","selector":"//font[@id="ECS_MEMBERZONE"]/a[1]"}
  (Session info: chrome=84.0.4147.105)
  (Driver info: chromedriver=2.44.609538 (b655c5a60b0b544917107a59d4153d4bf78e1b90),platform=Windows NT 10.0.18362 x86_64)

Traceback (most recent call last):
  File "D:\workspace\webUIAuto\test_case\test_register.py", line 26, in test_register
    actual = rp.register(username, email, passwd, confirm_passwd, "13111223344")
  File "D:\workspace\webUIAuto\page\register_page.py", line 53, in register
    result = self.assert_result(self.locator_assert)
  File "D:\workspace\webUIAuto\page\base_page.py", line 19, in assert_result
    actual_result = self.driver.find_element(*locator_assert).text
  File "C:\Python\Python37\lib\site-packages\selenium\webdriver\remote\webdriver.py", line 978, in find_element
    'value': value})['value']
  File "C:\Python\Python37\lib\site-packages\selenium\webdriver\remote\webdriver.py", line 321, in execute
    self.error_handler.check_response(response)
  File "C:\Python\Python37\lib\site-packages\selenium\webdriver\remote\errorhandler.py", line 242, in check_response
    raise exception_class(message, screen, stacktrace)
selenium.common.exceptions.NoSuchElementException: Message: no such element: Unable to locate element: {"method":"xpath","selector":"//font[@id="ECS_MEMBERZONE"]/a[1]"}
  (Session info: chrome=84.0.4147.105)
  (Driver info: chromedriver=2.44.609538 (b655c5a60b0b544917107a59d4153d4bf78e1b90),platform=Windows NT 10.0.18362 x86_64)



        </pre>
            </div>
            <!--css div popup end-->

        </td>
    </tr>

    <tr class='errorClass'>
        <td>test_upate_user.UpdateUserTestCase</td>
        <td>1</td>
        <td>0</td>
        <td>0</td>
        <td>1</td>
        <td><a href="javascript:showClassDetail('c4',1)">Detail</a></td>
    </tr>

    <tr class='none' id='ft4.1'>
        <td class='errorCase'>
            <div class='testcase'>test_update_user</div>
        </td>
        <td align='center' colspan='5'>

            <!--css div popup start-->
            <a class="popup_link" href="javascript:showTestDetail('div_ft4.1')" onfocus='this.blur();'>
                error</a>

            <div class="popup_window" id='div_ft4.1'>
                <div style='text-align: right; color:red;cursor:pointer'>
                    <a onclick="document.getElementById('div_ft4.1').style.display = 'none' " onfocus='this.blur();'>
                        [x]</a>
                </div>
                <pre>
        
ft4.1: Traceback (most recent call last):
  File "D:\workspace\webUIAuto\test_case\test_upate_user.py", line 13, in setUp
    login.login("vivian009", "zhm12345")
  File "D:\workspace\webUIAuto\page\LoginPage.py", line 40, in login
    actual_result = self.assert_result()
  File "D:\workspace\webUIAuto\page\LoginPage.py", line 31, in assert_result
    actual_result = self.driver.find_element(*self.locator_assert).text
  File "C:\Python\Python37\lib\site-packages\selenium\webdriver\remote\webdriver.py", line 978, in find_element
    'value': value})['value']
  File "C:\Python\Python37\lib\site-packages\selenium\webdriver\remote\webdriver.py", line 321, in execute
    self.error_handler.check_response(response)
  File "C:\Python\Python37\lib\site-packages\selenium\webdriver\remote\errorhandler.py", line 242, in check_response
    raise exception_class(message, screen, stacktrace)
selenium.common.exceptions.NoSuchElementException: Message: no such element: Unable to locate element: {"method":"xpath","selector":"//font[@id="ECS_MEMBERZONE"]/font/font"}
  (Session info: chrome=84.0.4147.105)
  (Driver info: chromedriver=2.44.609538 (b655c5a60b0b544917107a59d4153d4bf78e1b90),platform=Windows NT 10.0.18362 x86_64)

Traceback (most recent call last):
  File "D:\workspace\webUIAuto\test_case\test_upate_user.py", line 13, in setUp
    login.login("vivian009", "zhm12345")
  File "D:\workspace\webUIAuto\page\LoginPage.py", line 40, in login
    actual_result = self.assert_result()
  File "D:\workspace\webUIAuto\page\LoginPage.py", line 31, in assert_result
    actual_result = self.driver.find_element(*self.locator_assert).text
  File "C:\Python\Python37\lib\site-packages\selenium\webdriver\remote\webdriver.py", line 978, in find_element
    'value': value})['value']
  File "C:\Python\Python37\lib\site-packages\selenium\webdriver\remote\webdriver.py", line 321, in execute
    self.error_handler.check_response(response)
  File "C:\Python\Python37\lib\site-packages\selenium\webdriver\remote\errorhandler.py", line 242, in check_response
    raise exception_class(message, screen, stacktrace)
selenium.common.exceptions.NoSuchElementException: Message: no such element: Unable to locate element: {"method":"xpath","selector":"//font[@id="ECS_MEMBERZONE"]/font/font"}
  (Session info: chrome=84.0.4147.105)
  (Driver info: chromedriver=2.44.609538 (b655c5a60b0b544917107a59d4153d4bf78e1b90),platform=Windows NT 10.0.18362 x86_64)



        </pre>
            </div>
            <!--css div popup end-->

        </td>
    </tr>

    <tr id='total_row'>
        <td>Total</td>
        <td>4</td>
        <td>0</td>
        <td>0</td>
        <td>4</td>
        <td>&nbsp;</td>
    </tr>
</table>

<div id='ending'>&nbsp;</div>

</body>
</html>
